# V2FREE 自动签到脚本 版本: 1.0
[2023-10-25 13:05:48,163] [INFO] a*******@d***.com 获得了 390MB 流量.
[2023-10-26 03:15:22,366] [INFO] n*********@h****.com 获得了 404MB 流量.
[2023-10-26 03:15:23,903] [INFO] k*********@h****.com 获得了 375MB 流量.
[2023-10-26 03:15:25,439] [INFO] h**@a***********.org 获得了 449MB 流量.
[2023-10-26 03:15:26,997] [INFO] v*******@d***.com 获得了 460MB 流量.
[2023-10-26 03:15:28,542] [INFO] a*******@d***.com 获得了 306MB 流量.
[2023-10-27 03:15:19,760] [INFO] n*********@h****.com 获得了 475MB 流量.
[2023-10-27 03:15:20,954] [INFO] k*********@h****.com 获得了 451MB 流量.
[2023-10-27 03:15:22,160] [INFO] h**@a***********.org 获得了 357MB 流量.
[2023-10-27 03:15:23,554] [INFO] v*******@d***.com 获得了 459MB 流量.
[2023-10-27 03:15:24,948] [INFO] a*******@d***.com 获得了 430MB 流量.
[2023-10-28 03:15:08,756] [INFO] n*********@h****.com 获得了 375MB 流量.
[2023-10-28 03:15:10,239] [INFO] k*********@h****.com 获得了 460MB 流量.
[2023-10-28 03:15:11,472] [INFO] h**@a***********.org 获得了 337MB 流量.
[2023-10-28 03:15:12,721] [INFO] v*******@d***.com 获得了 455MB 流量.
[2023-10-28 03:15:14,188] [INFO] a*******@d***.com 获得了 498MB 流量.
[2023-10-29 03:15:28,611] [INFO] n*********@h****.com 获得了 482MB 流量.
[2023-10-29 03:15:30,151] [INFO] k*********@h****.com 获得了 499MB 流量.
[2023-10-29 03:15:31,693] [INFO] h**@a***********.org 获得了 383MB 流量.
[2023-10-29 03:15:33,220] [INFO] v*******@d***.com 获得了 496MB 流量.
[2023-10-29 03:15:34,508] [INFO] a*******@d***.com 获得了 382MB 流量.
[2023-10-30 03:15:55,304] [INFO] n*********@h****.com 获得了 339MB 流量.
[2023-10-30 03:15:56,854] [INFO] k*********@h****.com 获得了 490MB 流量.
[2023-10-30 03:15:58,372] [INFO] h**@a***********.org 获得了 460MB 流量.
[2023-10-30 03:15:59,914] [INFO] v*******@d***.com 获得了 414MB 流量.
[2023-10-30 03:16:01,443] [INFO] a*******@d***.com 获得了 412MB 流量.
[2023-10-31 03:15:47,896] [INFO] n*********@h****.com 获得了 306MB 流量.
[2023-10-31 03:15:49,299] [INFO] k*********@h****.com 获得了 449MB 流量.
[2023-10-31 03:15:50,532] [INFO] h**@a***********.org 获得了 318MB 流量.
[2023-10-31 03:15:51,962] [INFO] v*******@d***.com 获得了 310MB 流量.
[2023-10-31 03:15:53,418] [INFO] a*******@d***.com 获得了 483MB 流量.
[2023-11-01 03:16:05,627] [INFO] n*********@h****.com 获得了 434MB 流量.
[2023-11-01 03:16:06,961] [INFO] k*********@h****.com 获得了 301MB 流量.
[2023-11-01 03:16:08,480] [INFO] h**@a***********.org 获得了 499MB 流量.
[2023-11-01 03:16:09,777] [INFO] v*******@d***.com 获得了 400MB 流量.
[2023-11-01 03:16:11,070] [INFO] a*******@d***.com 获得了 358MB 流量.
[2023-11-02 03:15:59,500] [INFO] n*********@h****.com 获得了 394MB 流量.
[2023-11-02 03:16:01,381] [INFO] k*********@h****.com 获得了 489MB 流量.
[2023-11-02 03:16:03,267] [INFO] h**@a***********.org 获得了 302MB 流量.
[2023-11-02 03:16:05,218] [INFO] v*******@d***.com 获得了 387MB 流量.
[2023-11-02 03:16:06,914] [INFO] a*******@d***.com 获得了 435MB 流量.
[2023-11-03 03:15:39,846] [INFO] n*********@h****.com 获得了 466MB 流量.
[2023-11-03 03:15:41,355] [INFO] k*********@h****.com 获得了 402MB 流量.
[2023-11-03 03:15:42,890] [INFO] h**@a***********.org 获得了 439MB 流量.
[2023-11-03 03:15:44,183] [INFO] v*******@d***.com 获得了 468MB 流量.
[2023-11-03 03:15:45,688] [INFO] a*******@d***.com 获得了 321MB 流量.
[2023-11-04 03:15:24,687] [INFO] n*********@h****.com 获得了 401MB 流量.
[2023-11-04 03:15:26,266] [INFO] k*********@h****.com 获得了 433MB 流量.
[2023-11-04 03:15:27,840] [INFO] h**@a***********.org 获得了 461MB 流量.
[2023-11-04 03:15:29,455] [INFO] v*******@d***.com 获得了 496MB 流量.
[2023-11-04 03:15:31,020] [INFO] a*******@d***.com 获得了 435MB 流量.
[2023-11-05 03:17:40,649] [INFO] n*********@h****.com 获得了 385MB 流量.
[2023-11-05 03:17:42,064] [INFO] k*********@h****.com 获得了 494MB 流量.
[2023-11-05 03:17:43,487] [INFO] h**@a***********.org 获得了 491MB 流量.
[2023-11-05 03:17:44,734] [INFO] v*******@d***.com 获得了 336MB 流量.
[2023-11-05 03:17:46,162] [INFO] a*******@d***.com 获得了 426MB 流量.
[2023-11-06 03:16:04,936] [INFO] n*********@h****.com 获得了 444MB 流量.
[2023-11-06 03:16:06,456] [INFO] k*********@h****.com 获得了 429MB 流量.
[2023-11-06 03:16:07,753] [INFO] h**@a***********.org 获得了 350MB 流量.
[2023-11-06 03:16:09,323] [INFO] v*******@d***.com 获得了 378MB 流量.
[2023-11-06 03:16:11,909] [INFO] a*******@d***.com 获得了 381MB 流量.
[2023-11-07 03:15:55,392] [INFO] n*********@h****.com 获得了 320MB 流量.
[2023-11-07 03:15:57,021] [INFO] k*********@h****.com 获得了 363MB 流量.
[2023-11-07 03:15:58,622] [INFO] h**@a***********.org 获得了 465MB 流量.
[2023-11-07 03:16:00,360] [INFO] v*******@d***.com 获得了 429MB 流量.
[2023-11-07 03:16:02,342] [INFO] a*******@d***.com 获得了 306MB 流量.
[2023-11-08 03:15:53,286] [INFO] n*********@h****.com 获得了 309MB 流量.
[2023-11-08 03:15:55,073] [INFO] k*********@h****.com 获得了 490MB 流量.
[2023-11-08 03:15:56,804] [INFO] h**@a***********.org 获得了 342MB 流量.
[2023-11-08 03:15:58,588] [INFO] v*******@d***.com 获得了 347MB 流量.
[2023-11-08 03:16:00,333] [INFO] a*******@d***.com 获得了 479MB 流量.
[2023-11-09 03:15:33,425] [INFO] n*********@h****.com 获得了 312MB 流量.
[2023-11-09 03:15:34,690] [INFO] k*********@h****.com 获得了 357MB 流量.
[2023-11-09 03:15:36,169] [INFO] h**@a***********.org 获得了 433MB 流量.
[2023-11-09 03:15:37,464] [INFO] v*******@d***.com 获得了 340MB 流量.
[2023-11-09 03:15:38,954] [INFO] a*******@d***.com 获得了 375MB 流量.
[2023-11-10 03:15:56,903] [INFO] n*********@h****.com 获得了 348MB 流量.
[2023-11-10 03:15:58,662] [INFO] k*********@h****.com 获得了 445MB 流量.
[2023-11-10 03:16:00,430] [INFO] h**@a***********.org 获得了 405MB 流量.
[2023-11-10 03:16:02,177] [INFO] v*******@d***.com 获得了 382MB 流量.
[2023-11-10 03:16:03,964] [INFO] a*******@d***.com 获得了 436MB 流量.
[2023-11-11 03:17:21,182] [INFO] n*********@h****.com 获得了 363MB 流量.
[2023-11-11 03:17:23,135] [INFO] k*********@h****.com 获得了 345MB 流量.
[2023-11-11 03:17:25,230] [INFO] h**@a***********.org 获得了 312MB 流量.
[2023-11-11 03:17:27,115] [INFO] v*******@d***.com 获得了 343MB 流量.
[2023-11-11 03:17:28,896] [INFO] a*******@d***.com 获得了 308MB 流量.
[2023-11-12 03:15:25,581] [INFO] n*********@h****.com 获得了 494MB 流量.
[2023-11-12 03:15:27,454] [INFO] k*********@h****.com 获得了 439MB 流量.
[2023-11-12 03:15:29,048] [INFO] h**@a***********.org 获得了 375MB 流量.
[2023-11-12 03:15:30,945] [INFO] v*******@d***.com 获得了 342MB 流量.
[2023-11-12 03:15:32,908] [INFO] a*******@d***.com 获得了 353MB 流量.
[2023-11-13 03:16:03,141] [INFO] n*********@h****.com 获得了 421MB 流量.
[2023-11-13 03:16:04,941] [INFO] k*********@h****.com 获得了 454MB 流量.
[2023-11-13 03:16:06,770] [INFO] h**@a***********.org 获得了 371MB 流量.
[2023-11-13 03:16:08,577] [INFO] v*******@d***.com 获得了 326MB 流量.
[2023-11-13 03:16:10,349] [INFO] a*******@d***.com 获得了 415MB 流量.
[2023-11-14 03:16:09,535] [INFO] n*********@h****.com 获得了 344MB 流量.
[2023-11-14 03:16:11,406] [INFO] k*********@h****.com 获得了 351MB 流量.
[2023-11-14 03:16:13,054] [INFO] h**@a***********.org 获得了 452MB 流量.
[2023-11-14 03:16:14,971] [INFO] v*******@d***.com 获得了 459MB 流量.
[2023-11-14 03:16:16,890] [INFO] a*******@d***.com 获得了 448MB 流量.
[2023-11-15 03:16:21,939] [INFO] n*********@h****.com 获得了 404MB 流量.
[2023-11-15 03:16:23,789] [INFO] k*********@h****.com 获得了 310MB 流量.
[2023-11-15 03:16:25,639] [INFO] h**@a***********.org 获得了 404MB 流量.
[2023-11-15 03:16:27,463] [INFO] v*******@d***.com 获得了 496MB 流量.
[2023-11-15 03:16:29,326] [INFO] a*******@d***.com 获得了 430MB 流量.
[2023-11-16 03:16:40,071] [INFO] n*********@h****.com 获得了 444MB 流量.
[2023-11-16 03:16:42,425] [INFO] k*********@h****.com 获得了 408MB 流量.
[2023-11-16 03:16:43,871] [INFO] h**@a***********.org 获得了 452MB 流量.
[2023-11-16 03:16:44,947] [INFO] v*******@d***.com 获得了 432MB 流量.
[2023-11-16 03:16:46,310] [INFO] a*******@d***.com 获得了 391MB 流量.
[2023-11-17 03:16:33,690] [INFO] n*********@h****.com 获得了 404MB 流量.
[2023-11-17 03:16:34,839] [INFO] k*********@h****.com 获得了 471MB 流量.
[2023-11-17 03:16:36,232] [INFO] h**@a***********.org 获得了 412MB 流量.
[2023-11-17 03:16:37,384] [INFO] v*******@d***.com 获得了 308MB 流量.
[2023-11-17 03:16:38,553] [INFO] a*******@d***.com 获得了 427MB 流量.
[2023-11-18 03:16:06,998] [INFO] n*********@h****.com 获得了 394MB 流量.
[2023-11-18 03:16:08,453] [INFO] k*********@h****.com 获得了 368MB 流量.
[2023-11-18 03:16:09,972] [INFO] h**@a***********.org 获得了 359MB 流量.
[2023-11-18 03:16:11,457] [INFO] v*******@d***.com 获得了 366MB 流量.
[2023-11-18 03:16:12,965] [INFO] a*******@d***.com 获得了 454MB 流量.
[2023-11-19 03:16:00,245] [INFO] n*********@h****.com 获得了 354MB 流量.
[2023-11-19 03:16:33,076] [INFO] k*********@h****.com 获得了 462MB 流量.
[2023-11-19 03:17:05,834] [INFO] h**@a***********.org 获得了 421MB 流量.
[2023-11-19 03:17:38,609] [INFO] v*******@d***.com 获得了 372MB 流量.
[2023-11-19 03:18:11,381] [INFO] a*******@d***.com 获得了 466MB 流量.
[2023-11-20 03:16:45,430] [INFO] n*********@h****.com 获得了 492MB 流量.
[2023-11-20 03:16:46,935] [INFO] k*********@h****.com 获得了 436MB 流量.
[2023-11-20 03:16:48,415] [INFO] h**@a***********.org 获得了 420MB 流量.
[2023-11-20 03:16:49,634] [INFO] v*******@d***.com 获得了 375MB 流量.
[2023-11-20 03:16:51,112] [INFO] a*******@d***.com 获得了 487MB 流量.
[2023-11-21 03:17:04,149] [INFO] n*********@h****.com 获得了 500MB 流量.
[2023-11-21 03:17:05,356] [INFO] k*********@h****.com 获得了 369MB 流量.
[2023-11-21 03:17:06,572] [INFO] h**@a***********.org 获得了 438MB 流量.
[2023-11-21 03:17:07,789] [INFO] v*******@d***.com 获得了 455MB 流量.
[2023-11-21 03:17:08,785] [INFO] a*******@d***.com 获得了 408MB 流量.
[2023-11-22 03:17:08,761] [INFO] n*********@h****.com 获得了 496MB 流量.
[2023-11-22 03:17:10,009] [INFO] k*********@h****.com 获得了 498MB 流量.
[2023-11-22 03:17:11,242] [INFO] h**@a***********.org 获得了 331MB 流量.
[2023-11-22 03:17:12,476] [INFO] v*******@d***.com 获得了 460MB 流量.
[2023-11-22 03:17:13,683] [INFO] a*******@d***.com 获得了 357MB 流量.
[2023-11-23 03:16:29,614] [INFO] n*********@h****.com 获得了 383MB 流量.
[2023-11-23 03:16:30,838] [INFO] k*********@h****.com 获得了 431MB 流量.
[2023-11-23 03:16:32,054] [INFO] h**@a***********.org 获得了 384MB 流量.
[2023-11-23 03:16:33,068] [INFO] v*******@d***.com 获得了 493MB 流量.
[2023-11-23 03:16:34,257] [INFO] a*******@d***.com 获得了 461MB 流量.
[2023-11-24 03:16:28,468] [INFO] n*********@h****.com 获得了 478MB 流量.
[2023-11-24 03:16:29,486] [INFO] k*********@h****.com 获得了 300MB 流量.
[2023-11-24 03:16:30,715] [INFO] h**@a***********.org 获得了 499MB 流量.
[2023-11-24 03:16:31,910] [INFO] v*******@d***.com 获得了 465MB 流量.
[2023-11-24 03:16:32,910] [INFO] a*******@d***.com 获得了 419MB 流量.
[2023-11-25 03:16:34,635] [INFO] n*********@h****.com 获得了 399MB 流量.
[2023-11-25 03:16:35,822] [INFO] k*********@h****.com 获得了 382MB 流量.
[2023-11-25 03:16:37,029] [INFO] h**@a***********.org 获得了 355MB 流量.
[2023-11-25 03:16:38,229] [INFO] v*******@d***.com 获得了 400MB 流量.
[2023-11-25 03:16:39,460] [INFO] a*******@d***.com 获得了 462MB 流量.
[2023-11-26 03:16:04,016] [INFO] n*********@h****.com 获得了 310MB 流量.
[2023-11-26 03:16:05,042] [INFO] k*********@h****.com 获得了 425MB 流量.
[2023-11-26 03:16:06,058] [INFO] h**@a***********.org 获得了 381MB 流量.
[2023-11-26 03:16:07,067] [INFO] v*******@d***.com 获得了 341MB 流量.
[2023-11-26 03:16:08,102] [INFO] a*******@d***.com 获得了 453MB 流量.
[2023-11-27 03:16:35,345] [INFO] n*********@h****.com 获得了 390MB 流量.
[2023-11-27 03:16:36,801] [INFO] k*********@h****.com 获得了 466MB 流量.
[2023-11-27 03:16:38,288] [INFO] h**@a***********.org 获得了 403MB 流量.
[2023-11-27 03:16:39,749] [INFO] v*******@d***.com 获得了 315MB 流量.
[2023-11-27 03:16:41,232] [INFO] a*******@d***.com 获得了 394MB 流量.
[2023-11-28 03:16:41,388] [INFO] n*********@h****.com 获得了 385MB 流量.
[2023-11-28 03:16:42,840] [INFO] k*********@h****.com 获得了 457MB 流量.
[2023-11-28 03:16:44,237] [INFO] h**@a***********.org 获得了 493MB 流量.
[2023-11-28 03:16:45,427] [INFO] v*******@d***.com 获得了 326MB 流量.
[2023-11-28 03:16:46,608] [INFO] a*******@d***.com 获得了 344MB 流量.
[2023-11-29 03:16:23,090] [INFO] n*********@h****.com 获得了 442MB 流量.
[2023-11-29 03:16:24,576] [INFO] k*********@h****.com 获得了 494MB 流量.
[2023-11-29 03:16:25,804] [INFO] h**@a***********.org 获得了 407MB 流量.
[2023-11-29 03:16:27,043] [INFO] v*******@d***.com 获得了 431MB 流量.
[2023-11-29 03:16:28,543] [INFO] a*******@d***.com 获得了 371MB 流量.
[2023-11-30 03:16:21,914] [INFO] n*********@h****.com 获得了 433MB 流量.
[2023-11-30 03:16:23,144] [INFO] k*********@h****.com 获得了 495MB 流量.
[2023-11-30 03:16:24,130] [INFO] h**@a***********.org 获得了 450MB 流量.
[2023-11-30 03:16:25,369] [INFO] v*******@d***.com 获得了 303MB 流量.
[2023-11-30 03:16:26,377] [INFO] a*******@d***.com 获得了 400MB 流量.
[2023-12-01 03:16:58,032] [INFO] n*********@h****.com 获得了 406MB 流量.
[2023-12-01 03:16:59,524] [INFO] k*********@h****.com 获得了 358MB 流量.
[2023-12-01 03:17:01,011] [INFO] h**@a***********.org 获得了 497MB 流量.
[2023-12-01 03:17:02,481] [INFO] v*******@d***.com 获得了 308MB 流量.
[2023-12-01 03:17:03,987] [INFO] a*******@d***.com 获得了 458MB 流量.
[2023-12-02 03:16:05,763] [INFO] n*********@h****.com 获得了 450MB 流量.
[2023-12-02 03:16:07,178] [INFO] k*********@h****.com 获得了 490MB 流量.
[2023-12-02 03:16:08,559] [INFO] h**@a***********.org 获得了 497MB 流量.
[2023-12-02 03:16:09,955] [INFO] v*******@d***.com 获得了 465MB 流量.
[2023-12-02 03:16:11,387] [INFO] a*******@d***.com 获得了 330MB 流量.
[2023-12-03 03:15:57,061] [INFO] n*********@h****.com 获得了 415MB 流量.
[2023-12-03 03:15:58,295] [INFO] k*********@h****.com 获得了 375MB 流量.
[2023-12-03 03:15:59,529] [INFO] h**@a***********.org 获得了 392MB 流量.
[2023-12-03 03:16:00,710] [INFO] v*******@d***.com 获得了 463MB 流量.
[2023-12-03 03:16:01,722] [INFO] a*******@d***.com 获得了 466MB 流量.
[2023-12-04 03:16:52,701] [INFO] n*********@h****.com 获得了 341MB 流量.
[2023-12-04 03:16:53,937] [INFO] k*********@h****.com 获得了 321MB 流量.
[2023-12-04 03:16:55,414] [INFO] h**@a***********.org 获得了 363MB 流量.
[2023-12-04 03:16:56,661] [INFO] v*******@d***.com 获得了 366MB 流量.
[2023-12-04 03:16:57,911] [INFO] a*******@d***.com 获得了 431MB 流量.
[2023-12-05 03:16:56,558] [INFO] n*********@h****.com 获得了 472MB 流量.
[2023-12-05 03:16:58,058] [INFO] k*********@h****.com 获得了 495MB 流量.
[2023-12-05 03:16:59,530] [INFO] h**@a***********.org 获得了 308MB 流量.
[2023-12-05 03:17:01,021] [INFO] v*******@d***.com 获得了 317MB 流量.
[2023-12-05 03:17:02,248] [INFO] a*******@d***.com 获得了 333MB 流量.
[2023-12-06 03:16:48,209] [INFO] n*********@h****.com 获得了 393MB 流量.
[2023-12-06 03:17:21,474] [INFO] k*********@h****.com 获得了 368MB 流量.
[2023-12-06 03:17:54,743] [INFO] h**@a***********.org 获得了 500MB 流量.
[2023-12-06 03:18:28,025] [INFO] v*******@d***.com 获得了 448MB 流量.
[2023-12-06 03:19:01,055] [INFO] a*******@d***.com 获得了 458MB 流量.
[2023-12-07 03:16:44,434] [INFO] n*********@h****.com 获得了 424MB 流量.
[2023-12-07 03:16:45,462] [INFO] k*********@h****.com 获得了 341MB 流量.
[2023-12-07 03:16:46,713] [INFO] h**@a***********.org 获得了 473MB 流量.
[2023-12-07 03:16:47,753] [INFO] v*******@d***.com 获得了 368MB 流量.
[2023-12-07 03:16:48,781] [INFO] a*******@d***.com 获得了 497MB 流量.
[2023-12-08 03:16:39,244] [INFO] n*********@h****.com 获得了 489MB 流量.
[2023-12-08 03:16:40,312] [INFO] k*********@h****.com 获得了 307MB 流量.
[2023-12-08 03:16:41,363] [INFO] h**@a***********.org 获得了 384MB 流量.
[2023-12-08 03:16:42,422] [INFO] v*******@d***.com 获得了 395MB 流量.
[2023-12-08 03:16:43,461] [INFO] a*******@d***.com 获得了 441MB 流量.
[2023-12-09 03:15:57,322] [INFO] n*********@h****.com 获得了 387MB 流量.
[2023-12-09 03:15:58,460] [INFO] k*********@h****.com 获得了 426MB 流量.
[2023-12-09 03:15:59,860] [INFO] h**@a***********.org 获得了 403MB 流量.
[2023-12-09 03:16:01,242] [INFO] v*******@d***.com 获得了 359MB 流量.
[2023-12-09 03:16:02,389] [INFO] a*******@d***.com 获得了 490MB 流量.
[2023-12-10 03:16:38,964] [INFO] n*********@h****.com 获得了 329MB 流量.
[2023-12-10 03:16:40,408] [INFO] k*********@h****.com 获得了 329MB 流量.
[2023-12-10 03:16:41,640] [INFO] h**@a***********.org 获得了 492MB 流量.
[2023-12-10 03:16:43,118] [INFO] v*******@d***.com 获得了 318MB 流量.
[2023-12-10 03:16:44,576] [INFO] a*******@d***.com 获得了 350MB 流量.
[2023-12-11 03:17:05,743] [INFO] n*********@h****.com 获得了 454MB 流量.
[2023-12-11 03:17:06,993] [INFO] k*********@h****.com 获得了 400MB 流量.
[2023-12-11 03:17:08,496] [INFO] h**@a***********.org 获得了 393MB 流量.
[2023-12-11 03:17:09,977] [INFO] v*******@d***.com 获得了 370MB 流量.
[2023-12-11 03:17:11,471] [INFO] a*******@d***.com 获得了 471MB 流量.
[2023-12-12 03:16:52,186] [INFO] n*********@h****.com 获得了 311MB 流量.
[2023-12-12 03:16:53,687] [INFO] k*********@h****.com 获得了 309MB 流量.
[2023-12-12 03:16:55,191] [INFO] h**@a***********.org 获得了 366MB 流量.
[2023-12-12 03:16:56,705] [INFO] v*******@d***.com 获得了 404MB 流量.
[2023-12-12 03:16:58,243] [INFO] a*******@d***.com 获得了 472MB 流量.
[2023-12-13 03:17:11,855] [INFO] n*********@h****.com 获得了 378MB 流量.
[2023-12-13 03:17:12,908] [INFO] k*********@h****.com 获得了 496MB 流量.
[2023-12-13 03:17:14,180] [INFO] h**@a***********.org 获得了 377MB 流量.
[2023-12-13 03:17:15,293] [INFO] v*******@d***.com 获得了 355MB 流量.
[2023-12-13 03:17:16,594] [INFO] a*******@d***.com 获得了 412MB 流量.
[2023-12-13 06:44:53,137] [INFO] 9********@q*.com 您似乎已经签到过了...
[2023-12-14 03:21:01,952] [INFO] 9********@q*.com 获得了 339MB 流量.
[2023-12-15 03:21:16,878] [INFO] 9********@q*.com 获得了 348MB 流量.
[2023-12-16 03:20:28,624] [INFO] 9********@q*.com 获得了 368MB 流量.
[2023-12-17 03:20:26,696] [INFO] 9********@q*.com 获得了 431MB 流量.
[2023-12-18 03:21:24,228] [INFO] 9********@q*.com 获得了 392MB 流量.
[2023-12-19 03:21:47,898] [INFO] 9********@q*.com 获得了 473MB 流量.
[2023-12-20 03:17:00,262] [INFO] 9********@q*.com 获得了 304MB 流量.
[2023-12-21 03:20:32,267] [INFO] 9********@q*.com 获得了 478MB 流量.
[2023-12-22 03:20:32,208] [INFO] 9********@q*.com 获得了 411MB 流量.
[2023-12-23 03:20:10,424] [INFO] 9********@q*.com 获得了 394MB 流量.
[2023-12-24 03:20:11,925] [INFO] 9********@q*.com 获得了 435MB 流量.
[2023-12-25 03:20:57,127] [INFO] 9********@q*.com 获得了 387MB 流量.
[2023-12-26 03:20:46,166] [INFO] 9********@q*.com 系统无法接受您的验证结果，请完成非机器人验证。
[2023-12-27 03:21:27,964] [INFO] 9********@q*.com 系统无法接受您的验证结果，请完成非机器人验证。
[2023-12-28 03:20:38,321] [INFO] 9********@q*.com 系统无法接受您的验证结果，请完成非机器人验证。
[2023-12-29 03:20:55,058] [INFO] 9********@q*.com 系统无法接受您的验证结果，请完成非机器人验证。
[2023-12-30 03:20:26,825] [INFO] 9********@q*.com 系统无法接受您的验证结果，请完成非机器人验证。
[2023-12-31 03:20:36,780] [INFO] 9********@q*.com 系统无法接受您的验证结果，请完成非机器人验证。
[2024-01-01 03:21:51,019] [INFO] 9********@q*.com 系统无法接受您的验证结果，请完成非机器人验证。
[2024-01-02 03:20:50,761] [INFO] 9********@q*.com 系统无法接受您的验证结果，请完成非机器人验证。
[2024-01-03 03:21:52,933] [INFO] 9********@q*.com 系统无法接受您的验证结果，请完成非机器人验证。
[2024-01-04 03:21:12,697] [INFO] 9********@q*.com 系统无法接受您的验证结果，请完成非机器人验证。
[2024-01-05 03:20:48,861] [INFO] 9********@q*.com 系统无法接受您的验证结果，请完成非机器人验证。
[2024-01-06 03:20:32,796] [INFO] 9********@q*.com 系统无法接受您的验证结果，请完成非机器人验证。
[2024-01-07 03:20:48,809] [INFO] 9********@q*.com 系统无法接受您的验证结果，请完成非机器人验证。
[2024-01-08 03:21:22,205] [INFO] 9********@q*.com 系统无法接受您的验证结果，请完成非机器人验证。
[2024-01-09 03:21:25,008] [INFO] 9********@q*.com 系统无法接受您的验证结果，请完成非机器人验证。
[2024-01-10 03:21:30,581] [INFO] 9********@q*.com 系统无法接受您的验证结果，请完成非机器人验证。
[2024-01-11 03:21:24,713] [INFO] 9********@q*.com 系统无法接受您的验证结果，请完成非机器人验证。
[2024-01-12 03:21:24,042] [INFO] 9********@q*.com 系统无法接受您的验证结果，请完成非机器人验证。
[2024-01-13 03:20:55,568] [INFO] 9********@q*.com 系统无法接受您的验证结果，请完成非机器人验证。
[2024-01-14 03:21:30,395] [INFO] 9********@q*.com 系统无法接受您的验证结果，请完成非机器人验证。
[2024-01-15 03:22:06,467] [INFO] 9********@q*.com 系统无法接受您的验证结果，请完成非机器人验证。
[2024-01-16 03:22:47,964] [INFO] 9********@q*.com 系统无法接受您的验证结果，请完成非机器人验证。
[2024-01-17 03:22:46,265] [INFO] 9********@q*.com 系统无法接受您的验证结果，请完成非机器人验证。
[2024-01-18 03:22:22,926] [INFO] 9********@q*.com 系统无法接受您的验证结果，请完成非机器人验证。
[2024-01-19 03:21:48,318] [INFO] 9********@q*.com 系统无法接受您的验证结果，请完成非机器人验证。
[2024-01-20 03:20:58,702] [INFO] 9********@q*.com 系统无法接受您的验证结果，请完成非机器人验证。
[2024-01-21 03:21:09,812] [INFO] 9********@q*.com 系统无法接受您的验证结果，请完成非机器人验证。
[2024-01-22 03:22:29,961] [INFO] 9********@q*.com 系统无法接受您的验证结果，请完成非机器人验证。
[2024-01-23 03:21:48,910] [INFO] 9********@q*.com 系统无法接受您的验证结果，请完成非机器人验证。
[2024-01-24 03:21:42,988] [INFO] 9********@q*.com 系统无法接受您的验证结果，请完成非机器人验证。
[2024-01-25 03:21:43,649] [INFO] 9********@q*.com 系统无法接受您的验证结果，请完成非机器人验证。
[2024-01-26 03:21:01,944] [INFO] 9********@q*.com 系统无法接受您的验证结果，请完成非机器人验证。
[2024-01-27 03:18:51,086] [INFO] 9********@q*.com 系统无法接受您的验证结果，请完成非机器人验证。
[2024-01-28 03:18:48,999] [INFO] 9********@q*.com 系统无法接受您的验证结果，请完成非机器人验证。
[2024-01-29 03:20:10,747] [INFO] 9********@q*.com 系统无法接受您的验证结果，请完成非机器人验证。
[2024-01-30 03:19:17,806] [INFO] 9********@q*.com 系统无法接受您的验证结果，请完成非机器人验证。
[2024-01-31 03:19:49,673] [INFO] 9********@q*.com 系统无法接受您的验证结果，请完成非机器人验证。
[2024-02-01 03:20:27,026] [INFO] 9********@q*.com 系统无法接受您的验证结果，请完成非机器人验证。
[2024-02-02 03:20:08,323] [INFO] 9********@q*.com 系统无法接受您的验证结果，请完成非机器人验证。
[2024-02-03 03:22:03,793] [INFO] 9********@q*.com 系统无法接受您的验证结果，请完成非机器人验证。
[2024-02-04 03:20:41,596] [INFO] 9********@q*.com 系统无法接受您的验证结果，请完成非机器人验证。
[2024-02-05 03:20:48,587] [INFO] 9********@q*.com 系统无法接受您的验证结果，请完成非机器人验证。
[2024-02-06 03:20:22,321] [INFO] 9********@q*.com 系统无法接受您的验证结果，请完成非机器人验证。
[2024-02-07 03:20:39,771] [INFO] 9********@q*.com 系统无法接受您的验证结果，请完成非机器人验证。
[2024-02-08 03:20:17,983] [INFO] 9********@q*.com 系统无法接受您的验证结果，请完成非机器人验证。
[2024-02-09 03:20:16,188] [INFO] 9********@q*.com 系统无法接受您的验证结果，请完成非机器人验证。
[2024-02-10 03:19:41,842] [INFO] 9********@q*.com 系统无法接受您的验证结果，请完成非机器人验证。
[2024-02-11 03:19:58,050] [INFO] 9********@q*.com 系统无法接受您的验证结果，请完成非机器人验证。
[2024-02-12 03:19:38,945] [INFO] 9********@q*.com 系统无法接受您的验证结果，请完成非机器人验证。
[2024-02-13 03:20:57,602] [INFO] 9********@q*.com 系统无法接受您的验证结果，请完成非机器人验证。
[2024-02-14 03:20:54,869] [INFO] 9********@q*.com 系统无法接受您的验证结果，请完成非机器人验证。
[2024-02-15 03:21:54,066] [INFO] 9********@q*.com 系统无法接受您的验证结果，请完成非机器人验证。
[2024-02-16 03:20:55,296] [INFO] 9********@q*.com 系统无法接受您的验证结果，请完成非机器人验证。
[2024-02-17 03:20:25,135] [INFO] 9********@q*.com 系统无法接受您的验证结果，请完成非机器人验证。
[2024-02-18 03:20:00,691] [INFO] 9********@q*.com 系统无法接受您的验证结果，请完成非机器人验证。
[2024-02-19 03:20:19,046] [INFO] 9********@q*.com 系统无法接受您的验证结果，请完成非机器人验证。
[2024-02-20 03:21:36,645] [INFO] 9********@q*.com 系统无法接受您的验证结果，请完成非机器人验证。
[2024-02-21 03:19:47,800] [INFO] 9********@q*.com 系统无法接受您的验证结果，请完成非机器人验证。
[2024-02-22 03:19:57,515] [INFO] 9********@q*.com 系统无法接受您的验证结果，请完成非机器人验证。
[2024-02-23 03:19:51,649] [INFO] 9********@q*.com 系统无法接受您的验证结果，请完成非机器人验证。
[2024-02-24 03:21:37,851] [INFO] 9********@q*.com 系统无法接受您的验证结果，请完成非机器人验证。
[2024-02-25 03:21:31,017] [INFO] 9********@q*.com 系统无法接受您的验证结果，请完成非机器人验证。
[2024-02-26 03:21:08,478] [INFO] 9********@q*.com 系统无法接受您的验证结果，请完成非机器人验证。如果看不到非机器人验证按钮，请先翻墙再刷新页面。
[2024-02-27 03:20:17,995] [INFO] 9********@q*.com 系统无法接受您的验证结果，请完成非机器人验证。如果看不到非机器人验证按钮，请先翻墙再刷新页面。
[2024-02-28 03:19:45,512] [INFO] 9********@q*.com 系统无法接受您的验证结果，请完成非机器人验证。如果看不到非机器人验证按钮，请先翻墙再刷新页面。
[2024-02-29 03:22:25,633] [INFO] 9********@q*.com 系统无法接受您的验证结果，请完成非机器人验证。如果看不到非机器人验证按钮，请先翻墙再刷新页面。
[2024-03-01 03:24:38,790] [INFO] 9********@q*.com 系统无法接受您的验证结果，请完成非机器人验证。如果看不到非机器人验证按钮，请先翻墙再刷新页面。
[2024-03-02 03:19:23,014] [INFO] 9********@q*.com 系统无法接受您的验证结果，请完成非机器人验证。如果看不到非机器人验证按钮，请先翻墙再刷新页面。
[2024-03-03 03:19:02,712] [INFO] 9********@q*.com 系统无法接受您的验证结果，请完成非机器人验证。如果看不到非机器人验证按钮，请先翻墙再刷新页面。
[2024-03-04 03:50:13,751] [INFO] 9********@q*.com 系统无法接受您的验证结果，请完成非机器人验证。如果看不到非机器人验证按钮，请先翻墙再刷新页面。
[2024-03-05 03:21:29,996] [INFO] 9********@q*.com 系统无法接受您的验证结果，请完成非机器人验证。如果看不到非机器人验证按钮，请先翻墙再刷新页面。
[2024-03-06 03:19:44,688] [INFO] 9********@q*.com 系统无法接受您的验证结果，请完成非机器人验证。如果看不到非机器人验证按钮，请先翻墙再刷新页面。
[2024-03-07 03:17:25,760] [INFO] 9********@q*.com 系统无法接受您的验证结果，请完成非机器人验证。如果看不到非机器人验证按钮，请先翻墙再刷新页面。
[2024-03-08 03:19:27,978] [INFO] 9********@q*.com 获得了 436MB 流量.
[2024-03-09 03:23:03,544] [INFO] 9********@q*.com 系统无法接受您的验证结果，请完成非机器人验证。如果看不到非机器人验证按钮，请先翻墙再刷新页面。
[2024-03-10 03:20:10,408] [INFO] 9********@q*.com 系统无法接受您的验证结果，请完成非机器人验证。如果看不到非机器人验证按钮，请先翻墙再刷新页面。
[2024-03-11 03:22:39,493] [INFO] 9********@q*.com 系统无法接受您的验证结果，请完成非机器人验证。如果看不到非机器人验证按钮，请先翻墙再刷新页面。
[2024-03-12 03:23:39,944] [INFO] 9********@q*.com 系统无法接受您的验证结果，请完成非机器人验证。如果看不到非机器人验证按钮，请先翻墙再刷新页面。
[2024-03-13 03:21:27,901] [INFO] 9********@q*.com 系统无法接受您的验证结果，请完成非机器人验证。如果看不到非机器人验证按钮，请先翻墙再刷新页面。
[2024-03-14 03:20:25,911] [INFO] 9********@q*.com 系统无法接受您的验证结果，请完成非机器人验证。如果看不到非机器人验证按钮，请先翻墙再刷新页面。
[2024-03-15 03:21:58,475] [INFO] 9********@q*.com 系统无法接受您的验证结果，请完成非机器人验证。如果看不到非机器人验证按钮，请先翻墙再刷新页面。
[2024-03-16 03:21:13,990] [INFO] 9********@q*.com 系统无法接受您的验证结果，请完成非机器人验证。如果看不到非机器人验证按钮，请先翻墙再刷新页面。
[2024-03-17 03:19:42,570] [INFO] 9********@q*.com 系统无法接受您的验证结果，请完成非机器人验证。如果看不到非机器人验证按钮，请先翻墙再刷新页面。
[2024-03-18 03:21:32,066] [INFO] 9********@q*.com 系统无法接受您的验证结果，请完成非机器人验证。如果看不到非机器人验证按钮，请先翻墙再刷新页面。
[2024-03-19 03:20:11,830] [INFO] 9********@q*.com 系统无法接受您的验证结果，请完成非机器人验证。如果看不到非机器人验证按钮，请先翻墙再刷新页面。
[2024-03-20 03:20:47,280] [INFO] 9********@q*.com 系统无法接受您的验证结果，请完成非机器人验证。如果看不到非机器人验证按钮，请先翻墙再刷新页面。
[2024-03-21 03:21:17,591] [INFO] 9********@q*.com 系统无法接受您的验证结果，请完成非机器人验证。如果看不到非机器人验证按钮，请先翻墙再刷新页面。
[2024-03-22 03:20:22,447] [INFO] 9********@q*.com 系统无法接受您的验证结果，请完成非机器人验证。如果看不到非机器人验证按钮，请先翻墙再刷新页面。
[2024-03-23 03:21:10,665] [INFO] 9********@q*.com 系统无法接受您的验证结果，请完成非机器人验证。如果看不到非机器人验证按钮，请先翻墙再刷新页面。
[2024-03-24 03:19:30,137] [INFO] 9********@q*.com 系统无法接受您的验证结果，请完成非机器人验证。如果看不到非机器人验证按钮，请先翻墙再刷新页面。
[2024-03-25 03:22:33,756] [INFO] 9********@q*.com 系统无法接受您的验证结果，请完成非机器人验证。如果看不到非机器人验证按钮，请先翻墙再刷新页面。
[2024-03-26 03:19:46,181] [INFO] 9********@q*.com 系统无法接受您的验证结果，请完成非机器人验证。如果看不到非机器人验证按钮，请先翻墙再刷新页面。
[2024-03-27 03:21:16,200] [INFO] 9********@q*.com 系统无法接受您的验证结果，请完成非机器人验证。如果看不到非机器人验证按钮，请先翻墙再刷新页面。
[2024-03-28 03:21:42,485] [INFO] 9********@q*.com 系统无法接受您的验证结果，请完成非机器人验证。如果看不到非机器人验证按钮，请先翻墙再刷新页面。
[2024-03-29 03:19:46,697] [INFO] 9********@q*.com 系统无法接受您的验证结果，请完成非机器人验证。如果看不到非机器人验证按钮，请先翻墙再刷新页面。
[2024-03-30 03:23:04,552] [INFO] 9********@q*.com 系统无法接受您的验证结果，请完成非机器人验证。如果看不到非机器人验证按钮，请先翻墙再刷新页面。
[2024-03-31 03:21:27,550] [INFO] 9********@q*.com 系统无法接受您的验证结果，请完成非机器人验证。如果看不到非机器人验证按钮，请先翻墙再刷新页面。
[2024-04-01 03:20:40,617] [INFO] 9********@q*.com 系统无法接受您的验证结果，请完成非机器人验证。如果看不到非机器人验证按钮，请先翻墙再刷新页面。
[2024-04-02 03:22:21,797] [INFO] 9********@q*.com 系统无法接受您的验证结果，请完成非机器人验证。如果看不到非机器人验证按钮，请先翻墙再刷新页面。
[2024-04-03 03:21:07,026] [INFO] 9********@q*.com 系统无法接受您的验证结果，请完成非机器人验证。如果看不到非机器人验证按钮，请先翻墙再刷新页面。
[2024-04-04 03:22:46,116] [INFO] 9********@q*.com 系统无法接受您的验证结果，请完成非机器人验证。如果看不到非机器人验证按钮，请先翻墙再刷新页面。
[2024-04-05 03:22:28,796] [INFO] 9********@q*.com 系统无法接受您的验证结果，请完成非机器人验证。如果看不到非机器人验证按钮，请先翻墙再刷新页面。
[2024-04-06 03:20:23,392] [INFO] 9********@q*.com 系统无法接受您的验证结果，请完成非机器人验证。如果看不到非机器人验证按钮，请先翻墙再刷新页面。
[2024-04-07 03:20:24,464] [INFO] 9********@q*.com 系统无法接受您的验证结果，请完成非机器人验证。如果看不到非机器人验证按钮，请先翻墙再刷新页面。
[2024-04-08 03:21:05,397] [INFO] 9********@q*.com 系统无法接受您的验证结果，请完成非机器人验证。如果看不到非机器人验证按钮，请先翻墙再刷新页面。
[2024-04-09 03:22:32,940] [INFO] 9********@q*.com 系统无法接受您的验证结果，请完成非机器人验证。如果看不到非机器人验证按钮，请先翻墙再刷新页面。
[2024-04-10 03:21:58,875] [INFO] 9********@q*.com 系统无法接受您的验证结果，请完成非机器人验证。如果看不到非机器人验证按钮，请先翻墙再刷新页面。
[2024-04-11 03:20:19,998] [INFO] 9********@q*.com 系统无法接受您的验证结果，请完成非机器人验证。如果看不到非机器人验证按钮，请先翻墙再刷新页面。
[2024-04-12 03:21:39,909] [INFO] 9********@q*.com 系统无法接受您的验证结果，请完成非机器人验证。如果看不到非机器人验证按钮，请先翻墙再刷新页面。
[2024-04-13 03:16:47,611] [INFO] 9********@q*.com 系统无法接受您的验证结果，请完成非机器人验证。如果看不到非机器人验证按钮，请先翻墙再刷新页面。
[2024-04-14 03:54:18,900] [INFO] 9********@q*.com 系统无法接受您的验证结果，请完成非机器人验证。如果看不到非机器人验证按钮，请先翻墙再刷新页面。
[2024-04-15 04:14:56,972] [INFO] 9********@q*.com 系统无法接受您的验证结果，请完成非机器人验证。如果看不到非机器人验证按钮，请先翻墙再刷新页面。
[2024-04-17 03:20:44,999] [INFO] 9********@q*.com 系统无法接受您的验证结果，请完成非机器人验证。如果看不到非机器人验证按钮，请先翻墙再刷新页面。
[2024-04-18 03:20:15,937] [INFO] 9********@q*.com 系统无法接受您的验证结果，请完成非机器人验证。如果看不到非机器人验证按钮，请先翻墙再刷新页面。
[2024-04-19 03:22:05,914] [INFO] 9********@q*.com 系统无法接受您的验证结果，请完成非机器人验证。如果看不到非机器人验证按钮，请先翻墙再刷新页面。
[2024-04-20 03:21:25,345] [INFO] 9********@q*.com 系统无法接受您的验证结果，请完成非机器人验证。如果看不到非机器人验证按钮，请先翻墙再刷新页面。
[2024-04-21 03:20:01,980] [INFO] 9********@q*.com 系统无法接受您的验证结果，请完成非机器人验证。如果看不到非机器人验证按钮，请先翻墙再刷新页面。
[2024-04-22 03:22:01,429] [INFO] 9********@q*.com 系统无法接受您的验证结果，请完成非机器人验证。如果看不到非机器人验证按钮，请先翻墙再刷新页面。
[2024-04-23 03:20:59,844] [INFO] 9********@q*.com 系统无法接受您的验证结果，请完成非机器人验证。如果看不到非机器人验证按钮，请先翻墙再刷新页面。
[2024-04-24 03:21:51,826] [INFO] 9********@q*.com 系统无法接受您的验证结果，请完成非机器人验证。如果看不到非机器人验证按钮，请先翻墙再刷新页面。
[2024-04-25 03:21:00,500] [INFO] 9********@q*.com 系统无法接受您的验证结果，请完成非机器人验证。如果看不到非机器人验证按钮，请先翻墙再刷新页面。
[2024-04-26 03:22:30,296] [INFO] 9********@q*.com 系统无法接受您的验证结果，请完成非机器人验证。如果看不到非机器人验证按钮，请先翻墙再刷新页面。
[2024-04-27 03:22:59,155] [INFO] 9********@q*.com 系统无法接受您的验证结果，请完成非机器人验证。如果看不到非机器人验证按钮，请先翻墙再刷新页面。
[2024-04-28 03:21:29,782] [INFO] 9********@q*.com 系统无法接受您的验证结果，请完成非机器人验证。如果看不到非机器人验证按钮，请先翻墙再刷新页面。
[2024-04-29 03:21:55,667] [INFO] 9********@q*.com 系统无法接受您的验证结果，请完成非机器人验证。如果看不到非机器人验证按钮，请先翻墙再刷新页面。
[2024-04-30 03:21:47,979] [INFO] 9********@q*.com 系统无法接受您的验证结果，请完成非机器人验证。如果看不到非机器人验证按钮，请先翻墙再刷新页面。
[2024-05-01 03:24:53,570] [INFO] 9********@q*.com 系统无法接受您的验证结果，请完成非机器人验证。如果看不到非机器人验证按钮，请先翻墙再刷新页面。
[2024-05-02 03:21:37,944] [INFO] 9********@q*.com 系统无法接受您的验证结果，请完成非机器人验证。如果看不到非机器人验证按钮，请先翻墙再刷新页面。
[2024-05-03 03:24:21,189] [INFO] 9********@q*.com 系统无法接受您的验证结果，请完成非机器人验证。如果看不到非机器人验证按钮，请先翻墙再刷新页面。
[2024-05-04 03:22:48,095] [INFO] 9********@q*.com 系统无法接受您的验证结果，请完成非机器人验证。如果看不到非机器人验证按钮，请先翻墙再刷新页面。
[2024-05-05 03:20:55,830] [INFO] 9********@q*.com 系统无法接受您的验证结果，请完成非机器人验证。如果看不到非机器人验证按钮，请先翻墙再刷新页面。
[2024-05-06 03:23:14,884] [INFO] 9********@q*.com 系统无法接受您的验证结果，请完成非机器人验证。如果看不到非机器人验证按钮，请先翻墙再刷新页面。
[2024-05-07 03:24:21,524] [INFO] 9********@q*.com 系统无法接受您的验证结果，请完成非机器人验证。如果看不到非机器人验证按钮，请先翻墙再刷新页面。
[2024-05-08 03:22:19,310] [INFO] 9********@q*.com 系统无法接受您的验证结果，请完成非机器人验证。如果看不到非机器人验证按钮，请先翻墙再刷新页面。
[2024-05-09 03:22:49,330] [INFO] 9********@q*.com 系统无法接受您的验证结果，请完成非机器人验证。如果看不到非机器人验证按钮，请先翻墙再刷新页面。
[2024-05-10 03:21:49,169] [INFO] 9********@q*.com 系统无法接受您的验证结果，请完成非机器人验证。如果看不到非机器人验证按钮，请先翻墙再刷新页面。
[2024-05-11 03:22:28,867] [INFO] 9********@q*.com 系统无法接受您的验证结果，请完成非机器人验证。如果看不到非机器人验证按钮，请先翻墙再刷新页面。
[2024-05-12 03:22:14,355] [INFO] 9********@q*.com 系统无法接受您的验证结果，请完成非机器人验证。如果看不到非机器人验证按钮，请先翻墙再刷新页面。
[2024-05-13 03:22:15,516] [INFO] 9********@q*.com 系统无法接受您的验证结果，请完成非机器人验证。如果看不到非机器人验证按钮，请先翻墙再刷新页面。
[2024-05-14 03:23:55,743] [INFO] 9********@q*.com 系统无法接受您的验证结果，请完成非机器人验证。如果看不到非机器人验证按钮，请先翻墙再刷新页面。
[2024-05-15 03:25:23,176] [INFO] 9********@q*.com 系统无法接受您的验证结果，请完成非机器人验证。如果看不到非机器人验证按钮，请先翻墙再刷新页面。
[2024-05-16 03:24:48,608] [INFO] 9********@q*.com 系统无法接受您的验证结果，请完成非机器人验证。如果看不到非机器人验证按钮，请先翻墙再刷新页面。
[2024-05-17 03:22:31,381] [INFO] 9********@q*.com 系统无法接受您的验证结果，请完成非机器人验证。如果看不到非机器人验证按钮，请先翻墙再刷新页面。
[2024-05-18 03:22:11,657] [INFO] 9********@q*.com 系统无法接受您的验证结果，请完成非机器人验证。如果看不到非机器人验证按钮，请先翻墙再刷新页面。
[2024-05-19 03:24:03,586] [INFO] 9********@q*.com 系统无法接受您的验证结果，请完成非机器人验证。如果看不到非机器人验证按钮，请先翻墙再刷新页面。
[2024-05-20 03:23:23,400] [INFO] 9********@q*.com 系统无法接受您的验证结果，请完成非机器人验证。如果看不到非机器人验证按钮，请先翻墙再刷新页面。
[2024-05-21 03:24:13,534] [INFO] 9********@q*.com 系统无法接受您的验证结果，请完成非机器人验证。如果看不到非机器人验证按钮，请先翻墙再刷新页面。
[2024-05-22 03:24:16,322] [INFO] 9********@q*.com 系统无法接受您的验证结果，请完成非机器人验证。如果看不到非机器人验证按钮，请先翻墙再刷新页面。
[2024-05-23 03:23:14,496] [INFO] 9********@q*.com 系统无法接受您的验证结果，请完成非机器人验证。如果看不到非机器人验证按钮，请先翻墙再刷新页面。
[2024-05-24 03:23:02,578] [INFO] 9********@q*.com 系统无法接受您的验证结果，请完成非机器人验证。如果看不到非机器人验证按钮，请先翻墙再刷新页面。
[2024-05-25 03:25:17,599] [INFO] 9********@q*.com 系统无法接受您的验证结果，请完成非机器人验证。如果看不到非机器人验证按钮，请先翻墙再刷新页面。
[2024-05-26 03:22:50,878] [INFO] 9********@q*.com 系统无法接受您的验证结果，请完成非机器人验证。如果看不到非机器人验证按钮，请先翻墙再刷新页面。
[2024-05-27 03:25:22,509] [INFO] 9********@q*.com 系统无法接受您的验证结果，请完成非机器人验证。如果看不到非机器人验证按钮，请先翻墙再刷新页面。
[2024-05-28 03:24:27,568] [INFO] 9********@q*.com 系统无法接受您的验证结果，请完成非机器人验证。如果看不到非机器人验证按钮，请先翻墙再刷新页面。
[2024-05-29 03:23:44,599] [INFO] 9********@q*.com 系统无法接受您的验证结果，请完成非机器人验证。如果看不到非机器人验证按钮，请先翻墙再刷新页面。
[2024-05-30 03:23:53,716] [INFO] 9********@q*.com 系统无法接受您的验证结果，请完成非机器人验证。如果看不到非机器人验证按钮，请先翻墙再刷新页面。
[2024-05-31 03:23:17,599] [INFO] 9********@q*.com 系统无法接受您的验证结果，请完成非机器人验证。如果看不到非机器人验证按钮，请先翻墙再刷新页面。
[2024-06-01 03:25:17,562] [INFO] 9********@q*.com 系统无法接受您的验证结果，请完成非机器人验证。如果看不到非机器人验证按钮，请先翻墙再刷新页面。
[2024-06-02 03:23:45,747] [INFO] 9********@q*.com 系统无法接受您的验证结果，请完成非机器人验证。如果看不到非机器人验证按钮，请先翻墙再刷新页面。
[2024-06-03 03:24:40,577] [INFO] 9********@q*.com 系统无法接受您的验证结果，请完成非机器人验证。如果看不到非机器人验证按钮，请先翻墙再刷新页面。
[2024-06-04 03:24:35,805] [INFO] 9********@q*.com 系统无法接受您的验证结果，请完成非机器人验证。如果看不到非机器人验证按钮，请先翻墙再刷新页面。
[2024-06-05 03:25:49,333] [INFO] 9********@q*.com 系统无法接受您的验证结果，请完成非机器人验证。如果看不到非机器人验证按钮，请先翻墙再刷新页面。
[2024-06-06 03:24:37,183] [INFO] 9********@q*.com 系统无法接受您的验证结果，请完成非机器人验证。如果看不到非机器人验证按钮，请先翻墙再刷新页面。
[2024-06-07 03:24:56,033] [INFO] 9********@q*.com 系统无法接受您的验证结果，请完成非机器人验证。如果看不到非机器人验证按钮，请先翻墙再刷新页面。
[2024-06-08 03:23:14,591] [INFO] 9********@q*.com 系统无法接受您的验证结果，请完成非机器人验证。如果看不到非机器人验证按钮，请先翻墙再刷新页面。
[2024-06-09 03:23:47,363] [INFO] 9********@q*.com 系统无法接受您的验证结果，请完成非机器人验证。如果看不到非机器人验证按钮，请先翻墙再刷新页面。
[2024-06-10 03:24:07,691] [INFO] 9********@q*.com 系统无法接受您的验证结果，请完成非机器人验证。如果看不到非机器人验证按钮，请先翻墙再刷新页面。
[2024-06-11 03:24:04,015] [INFO] 9********@q*.com 系统无法接受您的验证结果，请完成非机器人验证。如果看不到非机器人验证按钮，请先翻墙再刷新页面。
[2024-06-12 03:24:41,467] [INFO] 9********@q*.com 系统无法接受您的验证结果，请完成非机器人验证。如果看不到非机器人验证按钮，请先翻墙再刷新页面。
[2024-06-13 03:23:51,798] [INFO] 9********@q*.com 系统无法接受您的验证结果，请完成非机器人验证。如果看不到非机器人验证按钮，请先翻墙再刷新页面。
